2020-10-29 02:38:55.320  INFO 12368 --- [restartedMain] com.daBenXiang.service.Application       : Starting Application on DESKTOP-92RMSKM with PID 12368 (C:\Users\Admin\DaBenXiangService\target\classes started by Admin in C:\Users\Admin\DaBenXiangService)
2020-10-29 02:38:55.326  INFO 12368 --- [restartedMain] com.daBenXiang.service.Application       : No active profile set, falling back to default profiles: default
2020-10-29 02:38:55.470  INFO 12368 --- [restartedMain] .e.DevToolsPropertyDefaultsPostProcessor : Devtools property defaults active! Set 'spring.devtools.add-properties' to 'false' to disable
2020-10-29 02:38:55.471  INFO 12368 --- [restartedMain] .e.DevToolsPropertyDefaultsPostProcessor : For additional web related logging consider setting the 'logging.level.web' property to 'DEBUG'
2020-10-29 02:38:57.232  INFO 12368 --- [restartedMain] o.s.b.w.embedded.tomcat.TomcatWebServer  : Tomcat initialized with port(s): 8000 (http)
2020-10-29 02:38:57.247  INFO 12368 --- [restartedMain] o.apache.catalina.core.StandardService   : Starting service [Tomcat]
2020-10-29 02:38:57.247  INFO 12368 --- [restartedMain] org.apache.catalina.core.StandardEngine  : Starting Servlet engine: [Apache Tomcat/9.0.38]
2020-10-29 02:38:57.393  INFO 12368 --- [restartedMain] o.a.c.c.C.[Tomcat].[localhost].[/]       : Initializing Spring embedded WebApplicationContext
2020-10-29 02:38:57.394  INFO 12368 --- [restartedMain] w.s.c.ServletWebServerApplicationContext : Root WebApplicationContext: initialization completed in 1923 ms
2020-10-29 02:38:57.791  INFO 12368 --- [restartedMain] o.s.s.concurrent.ThreadPoolTaskExecutor  : Initializing ExecutorService 'applicationTaskExecutor'
2020-10-29 02:38:58.010  INFO 12368 --- [restartedMain] o.s.b.d.a.OptionalLiveReloadServer       : LiveReload server is running on port 35729
2020-10-29 02:38:58.060  INFO 12368 --- [restartedMain] o.s.b.w.embedded.tomcat.TomcatWebServer  : Tomcat started on port(s): 8000 (http) with context path ''
2020-10-29 02:38:58.079  INFO 12368 --- [restartedMain] com.daBenXiang.service.Application       : Started Application in 3.65 seconds (JVM running for 5.67)
2020-10-29 02:39:05.631  INFO 12368 --- [http-nio-8000-exec-1] o.a.c.c.C.[Tomcat].[localhost].[/]       : Initializing Spring DispatcherServlet 'dispatcherServlet'
2020-10-29 02:39:05.632  INFO 12368 --- [http-nio-8000-exec-1] o.s.web.servlet.DispatcherServlet        : Initializing Servlet 'dispatcherServlet'
2020-10-29 02:39:05.642  INFO 12368 --- [http-nio-8000-exec-1] o.s.web.servlet.DispatcherServlet        : Completed initialization in 9 ms
2020-10-29 02:39:05.681  INFO 12368 --- [http-nio-8000-exec-1] c.d.service.controller.HelloController   : An INFO Message
2020-10-29 02:39:05.682  WARN 12368 --- [http-nio-8000-exec-1] c.d.service.controller.HelloController   : A WARN Message
2020-10-29 02:39:05.682 ERROR 12368 --- [http-nio-8000-exec-1] c.d.service.controller.HelloController   : An ERROR Message
2020-11-11 01:39:15.677  INFO 20120 --- [restartedMain] c.d.s.Application                        : Starting Application on DESKTOP-92RMSKM with PID 20120 (C:\Users\Admin\DaBenXiangService\target\classes started by Admin in C:\Users\Admin\DaBenXiangService)
2020-11-11 01:39:15.691  INFO 20120 --- [restartedMain] c.d.s.Application                        : No active profile set, falling back to default profiles: default
2020-11-11 01:39:15.857  INFO 20120 --- [restartedMain] .e.DevToolsPropertyDefaultsPostProcessor : Devtools property defaults active! Set 'spring.devtools.add-properties' to 'false' to disable
2020-11-11 01:39:15.857  INFO 20120 --- [restartedMain] .e.DevToolsPropertyDefaultsPostProcessor : For additional web related logging consider setting the 'logging.level.web' property to 'DEBUG'
2020-11-11 01:39:17.808  INFO 20120 --- [restartedMain] .s.d.r.c.RepositoryConfigurationDelegate : Bootstrapping Spring Data JPA repositories in DEFERRED mode.
2020-11-11 01:39:17.885  INFO 20120 --- [restartedMain] .s.d.r.c.RepositoryConfigurationDelegate : Finished Spring Data repository scanning in 45ms. Found 0 JPA repository interfaces.
2020-11-11 01:39:19.680  INFO 20120 --- [restartedMain] o.s.b.w.e.t.TomcatWebServer              : Tomcat initialized with port(s): 8000 (http)
2020-11-11 01:39:19.700  INFO 20120 --- [restartedMain] o.a.c.c.StandardService                  : Starting service [Tomcat]
2020-11-11 01:39:19.701  INFO 20120 --- [restartedMain] o.a.c.c.StandardEngine                   : Starting Servlet engine: [Apache Tomcat/9.0.38]
2020-11-11 01:39:19.949  INFO 20120 --- [restartedMain] o.a.c.c.C.[.[.[/]                        : Initializing Spring embedded WebApplicationContext
2020-11-11 01:39:19.950  INFO 20120 --- [restartedMain] w.s.c.ServletWebServerApplicationContext : Root WebApplicationContext: initialization completed in 4092 ms
2020-11-11 01:39:20.479  INFO 20120 --- [restartedMain] o.s.s.c.ThreadPoolTaskExecutor           : Initializing ExecutorService 'applicationTaskExecutor'
2020-11-11 01:39:20.667  INFO 20120 --- [task-1] o.h.j.i.u.LogHelper                      : HHH000204: Processing PersistenceUnitInfo [name: default]
2020-11-11 01:39:20.754  WARN 20120 --- [restartedMain] JpaBaseConfiguration$JpaWebConfiguration : spring.jpa.open-in-view is enabled by default. Therefore, database queries may be performed during view rendering. Explicitly configure spring.jpa.open-in-view to disable this warning
2020-11-11 01:39:20.816  INFO 20120 --- [task-1] o.h.Version                              : HHH000412: Hibernate ORM core version 5.4.21.Final
2020-11-11 01:39:21.682  INFO 20120 --- [task-1] o.h.a.c.Version                          : HCANN000001: Hibernate Commons Annotations {5.1.0.Final}
2020-11-11 01:39:21.902  INFO 20120 --- [restartedMain] o.s.b.d.a.OptionalLiveReloadServer       : LiveReload server is running on port 35729
2020-11-11 01:39:21.934  INFO 20120 --- [task-1] c.z.h.HikariDataSource                   : HikariPool-1 - Starting...
2020-11-11 01:39:21.975  INFO 20120 --- [restartedMain] o.s.b.w.e.t.TomcatWebServer              : Tomcat started on port(s): 8000 (http) with context path ''
2020-11-11 01:39:21.979  INFO 20120 --- [restartedMain] DeferredRepositoryInitializationListener : Triggering deferred initialization of Spring Data repositories…
2020-11-11 01:39:21.981  INFO 20120 --- [restartedMain] DeferredRepositoryInitializationListener : Spring Data repositories initialized!
2020-11-11 01:39:21.997  INFO 20120 --- [restartedMain] c.d.s.Application                        : Started Application in 7.268 seconds (JVM running for 10.653)
2020-11-11 01:39:22.380  INFO 20120 --- [task-1] c.z.h.HikariDataSource                   : HikariPool-1 - Start completed.
2020-11-11 01:39:22.429  INFO 20120 --- [task-1] o.h.d.Dialect                            : HHH000400: Using dialect: org.hibernate.dialect.MySQL57Dialect
2020-11-11 01:39:24.030  INFO 20120 --- [task-1] o.h.e.t.j.p.i.JtaPlatformInitiator       : HHH000490: Using JtaPlatform implementation: [org.hibernate.engine.transaction.jta.platform.internal.NoJtaPlatform]
2020-11-11 01:39:24.043  INFO 20120 --- [task-1] j.LocalContainerEntityManagerFactoryBean : Initialized JPA EntityManagerFactory for persistence unit 'default'
